<?xml version="1.0" encoding="UTF-8"?>
<testng-results ignored="0" total="1" passed="1" failed="0" skipped="0">
  <reporter-output>
  </reporter-output>
  <suite started-at="2024-05-29T10:26:10 IST" name="Default suite" finished-at="2024-05-29T10:27:08 IST" duration-ms="58887">
    <groups>
    </groups>
    <test started-at="2024-05-29T10:26:10 IST" name="Default test" finished-at="2024-05-29T10:27:08 IST" duration-ms="58887">
      <class name="com.ShopperStack.TestScripts.Check_whether_User_Is_Able_To_Add_Address_Test">
        <test-method is-config="true" signature="beforeSuite()[pri:0, instance:com.ShopperStack.TestScripts.Check_whether_User_Is_Able_To_Add_Address_Test@73a1e9a9]" started-at="2024-05-29T10:26:10 IST" name="beforeSuite" finished-at="2024-05-29T10:26:10 IST" duration-ms="10" status="PASS">
          <reporter-output>
          </reporter-output>
        </test-method> <!-- beforeSuite -->
        <test-method is-config="true" signature="beforeTest()[pri:0, instance:com.ShopperStack.TestScripts.Check_whether_User_Is_Able_To_Add_Address_Test@73a1e9a9]" started-at="2024-05-29T10:26:10 IST" name="beforeTest" finished-at="2024-05-29T10:26:10 IST" duration-ms="193" status="PASS">
          <reporter-output>
          </reporter-output>
        </test-method> <!-- beforeTest -->
        <test-method is-config="true" signature="beforeClass()[pri:0, instance:com.ShopperStack.TestScripts.Check_whether_User_Is_Able_To_Add_Address_Test@73a1e9a9]" started-at="2024-05-29T10:26:10 IST" name="beforeClass" finished-at="2024-05-29T10:26:14 IST" duration-ms="4193" status="PASS">
          <reporter-output>
          </reporter-output>
        </test-method> <!-- beforeClass -->
        <test-method is-config="true" signature="beforeMethods()[pri:0, instance:com.ShopperStack.TestScripts.Check_whether_User_Is_Able_To_Add_Address_Test@73a1e9a9]" started-at="2024-05-29T10:26:14 IST" name="beforeMethods" finished-at="2024-05-29T10:26:37 IST" duration-ms="23420" status="PASS">
          <reporter-output>
          </reporter-output>
        </test-method> <!-- beforeMethods -->
        <test-method signature="addAddress()[pri:0, instance:com.ShopperStack.TestScripts.Check_whether_User_Is_Able_To_Add_Address_Test@73a1e9a9]" started-at="2024-05-29T10:26:37 IST" name="addAddress" finished-at="2024-05-29T10:27:00 IST" duration-ms="22544" status="PASS">
          <reporter-output>
          </reporter-output>
        </test-method> <!-- addAddress -->
        <test-method is-config="true" signature="afterMethod()[pri:0, instance:com.ShopperStack.TestScripts.Check_whether_User_Is_Able_To_Add_Address_Test@73a1e9a9]" started-at="2024-05-29T10:27:00 IST" name="afterMethod" finished-at="2024-05-29T10:27:04 IST" duration-ms="4391" status="PASS">
          <reporter-output>
          </reporter-output>
        </test-method> <!-- afterMethod -->
        <test-method is-config="true" signature="afterClass()[pri:0, instance:com.ShopperStack.TestScripts.Check_whether_User_Is_Able_To_Add_Address_Test@73a1e9a9]" started-at="2024-05-29T10:27:04 IST" name="afterClass" finished-at="2024-05-29T10:27:08 IST" duration-ms="3545" status="PASS">
          <reporter-output>
          </reporter-output>
        </test-method> <!-- afterClass -->
        <test-method is-config="true" signature="afterTest()[pri:0, instance:com.ShopperStack.TestScripts.Check_whether_User_Is_Able_To_Add_Address_Test@73a1e9a9]" started-at="2024-05-29T10:27:08 IST" name="afterTest" finished-at="2024-05-29T10:27:08 IST" duration-ms="558" status="PASS">
          <reporter-output>
          </reporter-output>
        </test-method> <!-- afterTest -->
        <test-method is-config="true" signature="aftersuite()[pri:0, instance:com.ShopperStack.TestScripts.Check_whether_User_Is_Able_To_Add_Address_Test@73a1e9a9]" started-at="2024-05-29T10:27:09 IST" name="aftersuite" finished-at="2024-05-29T10:27:09 IST" duration-ms="0" status="PASS">
          <reporter-output>
          </reporter-output>
        </test-method> <!-- aftersuite -->
      </class> <!-- com.ShopperStack.TestScripts.Check_whether_User_Is_Able_To_Add_Address_Test -->
    </test> <!-- Default test -->
  </suite> <!-- Default suite -->
</testng-results>
